Zoo keeper attached an observer
Hi, this is the Zoo Announcer.  The Zookeeper is about to wake the animals!
Waking the animals
Chesire
Cat
Waking Up
Calum
Cat
Waking Up
Timon
Tiger
Waking Up
Tina
Tiger
Waking Up
Walace
Wolf
Waking Up
Willy
Wolf
Waking Up
Diane
Dog
Waking Up
Dan
Dog
Waking Up
Hi, this is the Zoo Announcer.  The Zookeeper is about to call out the animals!
Chesire
Cat
Hiss
Calum
Cat
Purr
Timon
Tiger
Huff
Tina
Tiger
Growl
Walace
Wolf
Growl
Willy
Wolf
Growl
Diane
Dog
Woof
Dan
Dog
Woof
Hi, this is the Zoo Announcer.  The Zookeeper is about to feed the animals!
Chesire
Cat
Eating
Calum
Cat
Eating
Timon
Tiger
Eating
Tina
Tiger
Eating
Walace
Wolf
Eating
Willy
Wolf
Eating
Diane
Dog
Eating
Dan
Dog
Eating
Hi, this is the Zoo Announcer.  The Zookeeper is about to exercise the animals!
Chesire
Cat
Slinky feline-like roaming
Calum
Cat
Slinky feline-like roaming
Timon
Tiger
Slinky feline-like roaming
Tina
Tiger
Slinky feline-like roaming
Walace
Wolf
Happy canine-like bounding
Willy
Wolf
Happy canine-like bounding
Diane
Dog
Happy canine-like bounding
Dan
Dog
Happy canine-like bounding
Hi, this is the Zoo Announcer.  The Zoo is now closing!
Chesire
Cat
Sleeping
Calum
Cat
Sleeping
Timon
Tiger
Sleeping
Tina
Tiger
Sleeping
Walace
Wolf
Sleeping
Willy
Wolf
Sleeping
Diane
Dog
Sleeping
Dan
Dog
Sleeping